<?xml version="1.0" encoding="UTF-8"?>
<!-- Generated by org.testng.reporters.JUnitXMLReporter -->
<testsuite hostname="CTLT095" ignored="0" name="Module 2" tests="4" failures="0" timestamp="23 Jul 2020 16:37:59 GMT" time="13.166" errors="0">
  <testcase name="verifyHomePage" time="0.897" classname="com.continuous.testing.seleniumwithspringboot.testcases.VisaRegistrationTests"/>
  <testcase name="verifyVisaRegistrationFormPage" time="0.135" classname="com.continuous.testing.seleniumwithspringboot.testcases.VisaRegistrationTests"/>
  <testcase name="visaRegistration" time="1.785" classname="com.continuous.testing.seleniumwithspringboot.testcases.VisaRegistrationTests"/>
  <testcase name="registrationConfirmation" time="1.763" classname="com.continuous.testing.seleniumwithspringboot.testcases.VisaRegistrationTests"/>
</testsuite> <!-- Module 2 -->
