<?xml version="1.0" encoding="UTF-8"?>
<!-- Generated by org.testng.reporters.JUnitXMLReporter -->
<testsuite hostname="CTLT095" ignored="0" name="Regression Testing" tests="1" failures="0" timestamp="22 Jul 2020 10:07:10 GMT" time="0.743" errors="0">
  <testcase name="@BeforeTest setUp" time="0.007" classname="com.continuous.testing.seleniumwithspringboot.base.TestBase">
    <failure type="java.lang.NullPointerException">
      <![CDATA[java.lang.NullPointerException
at com.continuous.testing.seleniumwithspringboot.base.TestBase.setUp(TestBase.java:20)
... Removed 24 stack frames]]>
    </failure>
  </testcase> <!-- @BeforeTest setUp -->
  <testcase name="@AfterTest tearDown" time="0.0" classname="com.continuous.testing.seleniumwithspringboot.base.TestBase">
    <skipped/>
  </testcase> <!-- @AfterTest tearDown -->
  <testcase name="TC_001" time="0.0" classname="com.continuous.testing.seleniumwithspringboot.testcases.VisaRegistrationTests">
    <skipped/>
  </testcase> <!-- TC_001 -->
</testsuite> <!-- Regression Testing -->
